0 info it worked if it ends with ok
1 verbose cli [ '/Users/Mathias/.nvm/v0.10.25/bin/node',
1 verbose cli   '/Users/Mathias/.nvm/v0.10.25/bin/npm',
1 verbose cli   'install' ]
2 info using npm@1.3.24
3 info using node@v0.10.25
4 warn package.json demo_johnny5@0.0.1 No description
5 warn package.json demo_johnny5@0.0.1 No repository field.
6 warn package.json demo_johnny5@0.0.1 No README data
7 verbose readDependencies using package.json deps
8 verbose install where, deps [ '/Users/Mathias/Documents/Devine/2014-2015/EXD/Eindopdracht/exd-eindopdracht/johhny_five',
8 verbose install   [ 'express', 'johnny-five', 'phaser', 'screenfull', 'socket.io' ] ]
9 info preinstall demo_johnny5@0.0.1
10 verbose readDependencies using package.json deps
11 verbose cache add [ 'phaser@~2.0.5', null ]
12 verbose cache add name=undefined spec="phaser@~2.0.5" args=["phaser@~2.0.5",null]
13 verbose parsed url { protocol: null,
13 verbose parsed url   slashes: null,
13 verbose parsed url   auth: null,
13 verbose parsed url   host: null,
13 verbose parsed url   port: null,
13 verbose parsed url   hostname: null,
13 verbose parsed url   hash: null,
13 verbose parsed url   search: null,
13 verbose parsed url   query: null,
13 verbose parsed url   pathname: 'phaser@~2.0.5',
13 verbose parsed url   path: 'phaser@~2.0.5',
13 verbose parsed url   href: 'phaser@~2.0.5' }
14 verbose cache add name="phaser" spec="~2.0.5" args=["phaser","~2.0.5"]
15 verbose parsed url { protocol: null,
15 verbose parsed url   slashes: null,
15 verbose parsed url   auth: null,
15 verbose parsed url   host: null,
15 verbose parsed url   port: null,
15 verbose parsed url   hostname: null,
15 verbose parsed url   hash: null,
15 verbose parsed url   search: null,
15 verbose parsed url   query: null,
15 verbose parsed url   pathname: '~2.0.5',
15 verbose parsed url   path: '~2.0.5',
15 verbose parsed url   href: '~2.0.5' }
16 verbose addNamed [ 'phaser', '~2.0.5' ]
17 verbose addNamed [ null, '>=2.0.5-0 <2.1.0-0' ]
18 verbose already installed skipping express@~4.9.7 /Users/Mathias/Documents/Devine/2014-2015/EXD/Eindopdracht/exd-eindopdracht/johhny_five
19 verbose already installed skipping johnny-five@~0.8.15 /Users/Mathias/Documents/Devine/2014-2015/EXD/Eindopdracht/exd-eindopdracht/johhny_five
20 verbose already installed skipping screenfull@^1.2.1 /Users/Mathias/Documents/Devine/2014-2015/EXD/Eindopdracht/exd-eindopdracht/johhny_five
21 silly lockFile ddfa90c3-phaser-2-0-5 phaser@~2.0.5
22 verbose lock phaser@~2.0.5 /Users/Mathias/.npm/ddfa90c3-phaser-2-0-5.lock
23 verbose already installed skipping socket.io@^1.2.1 /Users/Mathias/Documents/Devine/2014-2015/EXD/Eindopdracht/exd-eindopdracht/johhny_five
24 silly addNameRange { name: 'phaser', range: '>=2.0.5-0 <2.1.0-0', hasData: false }
25 verbose url raw phaser
26 verbose url resolving [ 'https://registry.npmjs.org/', './phaser' ]
27 verbose url resolved https://registry.npmjs.org/phaser
28 info trying registry request attempt 1 at 21:45:58
29 http GET https://registry.npmjs.org/phaser
30 http 200 https://registry.npmjs.org/phaser
31 silly registry.get cb [ 200,
31 silly registry.get   { date: 'Mon, 08 Dec 2014 20:46:00 GMT',
31 silly registry.get     server: 'CouchDB/1.5.0 (Erlang OTP/R16B03)',
31 silly registry.get     etag: '"98IP7UEJT2BX77U3AJ05GIRCH"',
31 silly registry.get     'content-type': 'application/json',
31 silly registry.get     'cache-control': 'max-age=60',
31 silly registry.get     'content-length': '65556',
31 silly registry.get     'accept-ranges': 'bytes',
31 silly registry.get     via: '1.1 varnish',
31 silly registry.get     age: '0',
31 silly registry.get     'x-served-by': 'cache-fra1239-FRA',
31 silly registry.get     'x-cache': 'MISS',
31 silly registry.get     'x-cache-hits': '0',
31 silly registry.get     'x-timer': 'S1418071559.821298,VS0,VE294',
31 silly registry.get     vary: 'Accept',
31 silly registry.get     'keep-alive': 'timeout=10, max=50',
31 silly registry.get     connection: 'Keep-Alive' } ]
32 silly addNameRange number 2 { name: 'phaser', range: '>=2.0.5-0 <2.1.0-0', hasData: true }
33 silly addNameRange versions [ 'phaser',
33 silly addNameRange   [ '2.1.0', '2.1.1', '2.1.2', '2.1.3', '2.2.0', '2.2.1' ] ]
34 silly lockFile ddfa90c3-phaser-2-0-5 phaser@~2.0.5
35 silly lockFile ddfa90c3-phaser-2-0-5 phaser@~2.0.5
36 error notarget No compatible version found: phaser@'>=2.0.5-0 <2.1.0-0'
36 error notarget Valid install targets:
36 error notarget ["2.1.0","2.1.1","2.1.2","2.1.3","2.2.0","2.2.1"]
36 error notarget
36 error notarget This is most likely not a problem with npm itself.
36 error notarget In most cases you or one of your dependencies are requesting
36 error notarget a package version that doesn't exist.
37 error System Darwin 14.0.0
38 error command "/Users/Mathias/.nvm/v0.10.25/bin/node" "/Users/Mathias/.nvm/v0.10.25/bin/npm" "install"
39 error cwd /Users/Mathias/Documents/Devine/2014-2015/EXD/Eindopdracht/exd-eindopdracht/johhny_five
40 error node -v v0.10.25
41 error npm -v 1.3.24
42 error code ETARGET
43 verbose exit [ 1, true ]
